#
# There is insufficient memory for the Java Runtime Environment to continue.
# Native memory allocation (malloc) failed to allocate 32744 bytes for ChunkPool::allocate
# Possible reasons:
#   The system is out of physical RAM or swap space
#   In 32 bit mode, the process size limit was hit
# Possible solutions:
#   Reduce memory load on the system
#   Increase physical memory or swap space
#   Check if swap backing store is full
#   Use 64 bit Java on a 64 bit OS
#   Decrease Java heap size (-Xmx/-Xms)
#   Decrease number of Java threads
#   Decrease Java thread stack sizes (-Xss)
#   Set larger code cache with -XX:ReservedCodeCacheSize=
# This output file may be truncated or incomplete.
#
#  Out of Memory Error (allocation.cpp:273), pid=16140, tid=0x0000000000002cdc
#
# JRE version: OpenJDK Runtime Environment (8.0_152-b06) (build 1.8.0_152-release-1136-b06)
# Java VM: OpenJDK 64-Bit Server VM (25.152-b06 mixed mode windows-amd64 compressed oops)
# Failed to write core dump. Minidumps are not enabled by default on client versions of Windows
#

---------------  T H R E A D  ---------------

Current thread (0x0000000016cc0000):  JavaThread "C2 CompilerThread1" daemon [_thread_in_native, id=11484, stack(0x0000000018410000,0x0000000018510000)]

Stack: [0x0000000018410000,0x0000000018510000]
[error occurred during error reporting (printing stack bounds), id 0xc0000005]

Native frames: (J=compiled Java code, j=interpreted, Vv=VM code, C=native code)


Current CompileTask:
C2:  12014 3465       4       org.gradle.model.internal.type.ModelType::wrap (219 bytes)


---------------  P R O C E S S  ---------------

Java Threads: ( => current thread )
  0x000000001a123000 JavaThread "Memory manager" [_thread_blocked, id=7328, stack(0x0000000021a30000,0x0000000021b30000)]
  0x000000001a129000 JavaThread "Build operations Thread 4" [_thread_blocked, id=14236, stack(0x0000000021930000,0x0000000021a30000)]
  0x000000001a128000 JavaThread "Build operations Thread 3" [_thread_blocked, id=12728, stack(0x0000000021830000,0x0000000021930000)]
  0x000000001a127800 JavaThread "Build operations Thread 2" [_thread_blocked, id=6288, stack(0x0000000020280000,0x0000000020380000)]
  0x000000001a126800 JavaThread "Build operations" [_thread_blocked, id=15132, stack(0x000000001ef50000,0x000000001f050000)]
  0x000000001a126000 JavaThread "Cache worker for Artifact transforms cache (C:\Users\LENOVO\.gradle\caches\transforms-1)" [_thread_blocked, id=3180, stack(0x000000001c930000,0x000000001ca30000)]
  0x000000001a125000 JavaThread "Cache worker for file hash cache (C:\Users\LENOVO\Documents\KULIAH\SEMESTER 4\CCIT\PROJEK 1 (Mobile UX)\KuisKamusKorea_2\.gradle\4.6\fileHashes)" [_thread_blocked, id=6092, stack(0x000000001c830000,0x000000001c930000)]
  0x000000001a123800 JavaThread "File lock request listener" [_thread_in_native, id=6272, stack(0x000000001b760000,0x000000001b860000)]
  0x000000001a052000 JavaThread "Cache worker for file hash cache (C:\Users\LENOVO\.gradle\caches\4.6\fileHashes)" [_thread_blocked, id=14036, stack(0x000000001b660000,0x000000001b760000)]
  0x0000000019cd2800 JavaThread "Stdin handler" [_thread_blocked, id=13324, stack(0x000000001b360000,0x000000001b460000)]
  0x0000000019cc4000 JavaThread "Asynchronous log dispatcher for DefaultDaemonConnection: socket connection from /127.0.0.1:5512 to /127.0.0.1:5513" [_thread_blocked, id=8440, stack(0x000000001b260000,0x000000001b360000)]
  0x0000000019cc0800 JavaThread "Daemon worker" [_thread_in_native, id=1336, stack(0x000000001b160000,0x000000001b260000)]
  0x0000000019cdb800 JavaThread "Cancel handler" [_thread_blocked, id=8648, stack(0x000000001b060000,0x000000001b160000)]
  0x0000000019c6a800 JavaThread "Handler for socket connection from /127.0.0.1:5512 to /127.0.0.1:5513" [_thread_in_native, id=14088, stack(0x000000001ad60000,0x000000001ae60000)]
  0x0000000019c6a000 JavaThread "Daemon" [_thread_blocked, id=7212, stack(0x000000001ac60000,0x000000001ad60000)]
  0x0000000019d45000 JavaThread "Daemon periodic checks" [_thread_blocked, id=15544, stack(0x000000001ab60000,0x000000001ac60000)]
  0x0000000019d38000 JavaThread "Incoming local TCP Connector on port 5512" [_thread_in_native, id=3188, stack(0x000000001a920000,0x000000001aa20000)]
  0x0000000018638800 JavaThread "Service Thread" daemon [_thread_blocked, id=13372, stack(0x0000000018a10000,0x0000000018b10000)]
  0x0000000016cc3000 JavaThread "C1 CompilerThread2" daemon [_thread_blocked, id=14716, stack(0x0000000018510000,0x0000000018610000)]
=>0x0000000016cc0000 JavaThread "C2 CompilerThread1" daemon [_thread_in_native, id=11484, stack(0x0000000018410000,0x0000000018510000)]
  0x0000000016cc8800 JavaThread "C2 CompilerThread0" daemon [_thread_in_native, id=7368, stack(0x0000000018310000,0x0000000018410000)]
  0x0000000016cc7800 JavaThread "Attach Listener" daemon [_thread_blocked, id=13700, stack(0x0000000018210000,0x0000000018310000)]
  0x0000000016cc6000 JavaThread "Signal Dispatcher" daemon [_thread_blocked, id=14848, stack(0x0000000018110000,0x0000000018210000)]
  0x0000000003348000 JavaThread "Finalizer" daemon [_thread_blocked, id=9876, stack(0x0000000017f20000,0x0000000018020000)]
  0x0000000003343000 JavaThread "Reference Handler" daemon [_thread_blocked, id=7764, stack(0x0000000017e20000,0x0000000017f20000)]
  0x000000000314e000 JavaThread "main" [_thread_blocked, id=7528, stack(0x0000000003150000,0x0000000003250000)]

Other Threads:
  0x0000000016c85800 VMThread [stack: 0x0000000017d20000,0x0000000017e20000] [id=12076]
  0x0000000016d1e800 WatcherThread [stack: 0x0000000018b10000,0x0000000018c10000] [id=2964]

VM state:not at safepoint (normal execution)

VM Mutex/Monitor currently owned by a thread: None

Heap:
 PSYoungGen      total 134656K, used 123630K [0x00000000e0000000, 0x00000000e9280000, 0x0000000100000000)
  eden space 125952K, 98% used [0x00000000e0000000,0x00000000e78bbac8,0x00000000e7b00000)
  from space 8704K, 0% used [0x00000000e7b00000,0x00000000e7b00000,0x00000000e8380000)
  to   space 11264K, 0% used [0x00000000e8780000,0x00000000e8780000,0x00000000e9280000)
 ParOldGen       total 60416K, used 19531K [0x00000000a0000000, 0x00000000a3b00000, 0x00000000e0000000)
  object space 60416K, 32% used [0x00000000a0000000,0x00000000a1312ee0,0x00000000a3b00000)
 Metaspace       used 42206K, capacity 42926K, committed 43096K, reserved 1087488K
  class space    used 5702K, capacity 5944K, committed 6016K, reserved 1048576K

Card table byte_map: [0x0000000012710000,0x0000000012a20000] byte_map_base: 0x0000000012210000

Marking Bits: (ParMarkBitMap*) 0x0000000064975aa0
 Begin Bits: [0x0000000013020000, 0x0000000014820000)
 End Bits:   [0x0000000014820000, 0x0000000016020000)

Polling page: 0x0000000000fd0000

CodeCache: size=245760Kb used=12940Kb max_used=12940Kb free=232819Kb
 bounds [0x0000000003350000, 0x0000000004000000, 0x0000000012350000]
 total_blobs=4516 nmethods=3781 adapters=647
 compilation: enabled

Compilation events (10 events):
Event: 11.860 Thread 0x0000000016cc3000 4103   !   3       sun.nio.fs.WindowsNativeDispatcher::GetFileAttributesEx (30 bytes)
Event: 11.861 Thread 0x0000000016cc3000 nmethod 4103 0x0000000003ffaa10 code [0x0000000003ffabc0, 0x0000000003ffaf58]
Event: 11.877 Thread 0x0000000016cc3000 4105       3       sun.nio.fs.WindowsFileAttributes::fromFileAttributeData (104 bytes)
Event: 11.878 Thread 0x0000000016cc3000 nmethod 4105 0x0000000003ffb510 code [0x0000000003ffb680, 0x0000000003ffb8e8]
Event: 11.878 Thread 0x0000000016cc3000 4106       3       sun.nio.fs.WindowsFileAttributes::isDirectory (25 bytes)
Event: 11.878 Thread 0x0000000016cc3000 nmethod 4106 0x0000000003ffb9d0 code [0x0000000003ffbb40, 0x0000000003ffbe10]
Event: 11.889 Thread 0x0000000016cc3000 4107   !   3       java.nio.file.Files$2::hasNext (23 bytes)
Event: 11.890 Thread 0x0000000016cc3000 nmethod 4107 0x0000000003ffbed0 code [0x0000000003ffc060, 0x0000000003ffc428]
Event: 11.941 Thread 0x0000000016cc3000 4108       3       java.util.stream.ReferencePipeline$3$1::accept (23 bytes)
Event: 11.941 Thread 0x0000000016cc3000 nmethod 4108 0x0000000003ffc5d0 code [0x0000000003ffc740, 0x0000000003ffca38]

GC Heap History (10 events):
Event: 4.312 GC heap before
{Heap before GC invocations=7 (full 0):
 PSYoungGen      total 70144K, used 24650K [0x00000000e0000000, 0x00000000e4f00000, 0x0000000100000000)
  eden space 64000K, 28% used [0x00000000e0000000,0x00000000e1218208,0x00000000e3e80000)
  from space 6144K, 99% used [0x00000000e4600000,0x00000000e4bfa970,0x00000000e4c00000)
  to   space 7680K, 0% used [0x00000000e3e80000,0x00000000e3e80000,0x00000000e4600000)
 ParOldGen       total 44032K, used 7186K [0x00000000a0000000, 0x00000000a2b00000, 0x00000000e0000000)
  object space 44032K, 16% used [0x00000000a0000000,0x00000000a07048a8,0x00000000a2b00000)
 Metaspace       used 20824K, capacity 21100K, committed 21248K, reserved 1067008K
  class space    used 2917K, capacity 3018K, committed 3072K, reserved 1048576K
Event: 4.331 GC heap after
Heap after GC invocations=7 (full 0):
 PSYoungGen      total 71680K, used 6196K [0x00000000e0000000, 0x00000000e8d00000, 0x0000000100000000)
  eden space 64000K, 0% used [0x00000000e0000000,0x00000000e0000000,0x00000000e3e80000)
  from space 7680K, 80% used [0x00000000e3e80000,0x00000000e448d1b8,0x00000000e4600000)
  to   space 8192K, 0% used [0x00000000e8500000,0x00000000e8500000,0x00000000e8d00000)
 ParOldGen       total 44032K, used 7956K [0x00000000a0000000, 0x00000000a2b00000, 0x00000000e0000000)
  object space 44032K, 18% used [0x00000000a0000000,0x00000000a07c53e8,0x00000000a2b00000)
 Metaspace       used 20824K, capacity 21100K, committed 21248K, reserved 1067008K
  class space    used 2917K, capacity 3018K, committed 3072K, reserved 1048576K
}
Event: 4.332 GC heap before
{Heap before GC invocations=8 (full 1):
 PSYoungGen      total 71680K, used 6196K [0x00000000e0000000, 0x00000000e8d00000, 0x0000000100000000)
  eden space 64000K, 0% used [0x00000000e0000000,0x00000000e0000000,0x00000000e3e80000)
  from space 7680K, 80% used [0x00000000e3e80000,0x00000000e448d1b8,0x00000000e4600000)
  to   space 8192K, 0% used [0x00000000e8500000,0x00000000e8500000,0x00000000e8d00000)
 ParOldGen       total 44032K, used 7956K [0x00000000a0000000, 0x00000000a2b00000, 0x00000000e0000000)
  object space 44032K, 18% used [0x00000000a0000000,0x00000000a07c53e8,0x00000000a2b00000)
 Metaspace       used 20824K, capacity 21100K, committed 21248K, reserved 1067008K
  class space    used 2917K, capacity 3018K, committed 3072K, reserved 1048576K
Event: 4.410 GC heap after
Heap after GC invocations=8 (full 1):
 PSYoungGen      total 71680K, used 0K [0x00000000e0000000, 0x00000000e8d00000, 0x0000000100000000)
  eden space 64000K, 0% used [0x00000000e0000000,0x00000000e0000000,0x00000000e3e80000)
  from space 7680K, 0% used [0x00000000e3e80000,0x00000000e3e80000,0x00000000e4600000)
  to   space 8192K, 0% used [0x00000000e8500000,0x00000000e8500000,0x00000000e8d00000)
 ParOldGen       total 35328K, used 8494K [0x00000000a0000000, 0x00000000a2280000, 0x00000000e0000000)
  object space 35328K, 24% used [0x00000000a0000000,0x00000000a084b890,0x00000000a2280000)
 Metaspace       used 20824K, capacity 21100K, committed 21248K, reserved 1067008K
  class space    used 2917K, capacity 3018K, committed 3072K, reserved 1048576K
}
Event: 5.838 GC heap before
{Heap before GC invocations=9 (full 1):
 PSYoungGen      total 71680K, used 64000K [0x00000000e0000000, 0x00000000e8d00000, 0x0000000100000000)
  eden space 64000K, 100% used [0x00000000e0000000,0x00000000e3e80000,0x00000000e3e80000)
  from space 7680K, 0% used [0x00000000e3e80000,0x00000000e3e80000,0x00000000e4600000)
  to   space 8192K, 0% used [0x00000000e8500000,0x00000000e8500000,0x00000000e8d00000)
 ParOldGen       total 35328K, used 8494K [0x00000000a0000000, 0x00000000a2280000, 0x00000000e0000000)
  object space 35328K, 24% used [0x00000000a0000000,0x00000000a084b890,0x00000000a2280000)
 Metaspace       used 26321K, capacity 26758K, committed 27136K, reserved 1073152K
  class space    used 3612K, capacity 3743K, committed 3840K, reserved 1048576K
Event: 5.853 GC heap after
Heap after GC invocations=9 (full 1):
 PSYoungGen      total 105472K, used 6705K [0x00000000e0000000, 0x00000000e8c00000, 0x0000000100000000)
  eden space 98304K, 0% used [0x00000000e0000000,0x00000000e0000000,0x00000000e6000000)
  from space 7168K, 93% used [0x00000000e8500000,0x00000000e8b8c640,0x00000000e8c00000)
  to   space 8704K, 0% used [0x00000000e7b00000,0x00000000e7b00000,0x00000000e8380000)
 ParOldGen       total 35328K, used 8502K [0x00000000a0000000, 0x00000000a2280000, 0x00000000e0000000)
  object space 35328K, 24% used [0x00000000a0000000,0x00000000a084d890,0x00000000a2280000)
 Metaspace       used 26321K, capacity 26758K, committed 27136K, reserved 1073152K
  class space    used 3612K, capacity 3743K, committed 3840K, reserved 1048576K
}
Event: 8.863 GC heap before
{Heap before GC invocations=10 (full 1):
 PSYoungGen      total 105472K, used 103194K [0x00000000e0000000, 0x00000000e8c00000, 0x0000000100000000)
  eden space 98304K, 98% used [0x00000000e0000000,0x00000000e5e3a200,0x00000000e6000000)
  from space 7168K, 93% used [0x00000000e8500000,0x00000000e8b8c640,0x00000000e8c00000)
  to   space 8704K, 0% used [0x00000000e7b00000,0x00000000e7b00000,0x00000000e8380000)
 ParOldGen       total 35328K, used 8502K [0x00000000a0000000, 0x00000000a2280000, 0x00000000e0000000)
  object space 35328K, 24% used [0x00000000a0000000,0x00000000a084d890,0x00000000a2280000)
 Metaspace       used 34921K, capacity 35356K, committed 35416K, reserved 1079296K
  class space    used 4802K, capacity 4972K, committed 4992K, reserved 1048576K
Event: 8.884 GC heap after
Heap after GC invocations=10 (full 1):
 PSYoungGen      total 134656K, used 8690K [0x00000000e0000000, 0x00000000e9280000, 0x0000000100000000)
  eden space 125952K, 0% used [0x00000000e0000000,0x00000000e0000000,0x00000000e7b00000)
  from space 8704K, 99% used [0x00000000e7b00000,0x00000000e837cb28,0x00000000e8380000)
  to   space 11264K, 0% used [0x00000000e8780000,0x00000000e8780000,0x00000000e9280000)
 ParOldGen       total 35328K, used 12741K [0x00000000a0000000, 0x00000000a2280000, 0x00000000e0000000)
  object space 35328K, 36% used [0x00000000a0000000,0x00000000a0c71508,0x00000000a2280000)
 Metaspace       used 34921K, capacity 35356K, committed 35416K, reserved 1079296K
  class space    used 4802K, capacity 4972K, committed 4992K, reserved 1048576K
}
Event: 8.884 GC heap before
{Heap before GC invocations=11 (full 2):
 PSYoungGen      total 134656K, used 8690K [0x00000000e0000000, 0x00000000e9280000, 0x0000000100000000)
  eden space 125952K, 0% used [0x00000000e0000000,0x00000000e0000000,0x00000000e7b00000)
  from space 8704K, 99% used [0x00000000e7b00000,0x00000000e837cb28,0x00000000e8380000)
  to   space 11264K, 0% used [0x00000000e8780000,0x00000000e8780000,0x00000000e9280000)
 ParOldGen       total 35328K, used 12741K [0x00000000a0000000, 0x00000000a2280000, 0x00000000e0000000)
  object space 35328K, 36% used [0x00000000a0000000,0x00000000a0c71508,0x00000000a2280000)
 Metaspace       used 34921K, capacity 35356K, committed 35416K, reserved 1079296K
  class space    used 4802K, capacity 4972K, committed 4992K, reserved 1048576K
Event: 8.972 GC heap after
Heap after GC invocations=11 (full 2):
 PSYoungGen      total 134656K, used 0K [0x00000000e0000000, 0x00000000e9280000, 0x0000000100000000)
  eden space 125952K, 0% used [0x00000000e0000000,0x00000000e0000000,0x00000000e7b00000)
  from space 8704K, 0% used [0x00000000e7b00000,0x00000000e7b00000,0x00000000e8380000)
  to   space 11264K, 0% used [0x00000000e8780000,0x00000000e8780000,0x00000000e9280000)
 ParOldGen       total 60416K, used 19531K [0x00000000a0000000, 0x00000000a3b00000, 0x00000000e0000000)
  object space 60416K, 32% used [0x00000000a0000000,0x00000000a1312ee0,0x00000000a3b00000)
 Metaspace       used 34921K, capacity 35356K, committed 35416K, reserved 1079296K
  class space    used 4802K, capacity 4972K, committed 4992K, reserved 1048576K
}

Deoptimization events (10 events):
Event: 9.871 Thread 0x0000000019cc0800 Uncommon trap: reason=class_check action=maybe_recompile pc=0x0000000003dd734c method=com.google.common.collect.AbstractMapBasedMultimap$WrappedCollection.refreshIfEmpty()V @ 40
Event: 9.871 Thread 0x0000000019cc0800 Uncommon trap: reason=class_check action=maybe_recompile pc=0x0000000003dd734c method=com.google.common.collect.AbstractMapBasedMultimap$WrappedCollection.refreshIfEmpty()V @ 40
Event: 9.871 Thread 0x0000000019cc0800 Uncommon trap: reason=class_check action=maybe_recompile pc=0x0000000003dd734c method=com.google.common.collect.AbstractMapBasedMultimap$WrappedCollection.refreshIfEmpty()V @ 40
Event: 9.871 Thread 0x0000000019cc0800 Uncommon trap: reason=class_check action=maybe_recompile pc=0x0000000003dd734c method=com.google.common.collect.AbstractMapBasedMultimap$WrappedCollection.refreshIfEmpty()V @ 40
Event: 10.144 Thread 0x0000000019cc0800 Uncommon trap: reason=unstable_if action=reinterpret pc=0x00000000037ba0fc method=java.lang.CharacterDataLatin1.isWhitespace(I)Z @ 14
Event: 10.219 Thread 0x0000000019cc0800 Uncommon trap: reason=unstable_if action=reinterpret pc=0x0000000003cd1460 method=java.util.jar.JarFile.getInputStream(Ljava/util/zip/ZipEntry;)Ljava/io/InputStream; @ 37
Event: 10.222 Thread 0x0000000019cc0800 Uncommon trap: reason=unstable_if action=reinterpret pc=0x0000000003b8dbec method=java.security.CodeSource.getCertificates()[Ljava/security/cert/Certificate; @ 22
Event: 10.260 Thread 0x0000000019cc0800 Uncommon trap: reason=unstable_if action=reinterpret pc=0x0000000003d2b27c method=java.util.LinkedHashMap.get(Ljava/lang/Object;)Ljava/lang/Object; @ 20
Event: 10.367 Thread 0x0000000019cc0800 Uncommon trap: reason=unstable_if action=reinterpret pc=0x0000000003b8f2c0 method=org.objectweb.asm.ByteVector.putUTF8(Ljava/lang/String;)Lorg/objectweb/asm/ByteVector; @ 91
Event: 10.493 Thread 0x0000000019cc0800 Uncommon trap: reason=unstable_if action=reinterpret pc=0x0000000003b272b0 method=org.objectweb.asm.ByteVector.putUTF8(Ljava/lang/String;)Lorg/objectweb/asm/ByteVector; @ 91

Classes redefined (0 events):
No events

Internal exceptions (10 events):
Event: 11.940 Thread 0x0000000019cc0800 Exception <a 'sun/nio/fs/WindowsException'> (0x00000000e7688900) thrown at [D:\src\AOSP-openjdk-cygwin\jdk8u\hotspot\src\share\vm\prims\jni.cpp, line 709]
Event: 11.940 Thread 0x0000000019cc0800 Exception <a 'sun/nio/fs/WindowsException'> (0x00000000e76894b8) thrown at [D:\src\AOSP-openjdk-cygwin\jdk8u\hotspot\src\share\vm\prims\jni.cpp, line 709]
Event: 11.940 Thread 0x0000000019cc0800 Exception <a 'sun/nio/fs/WindowsException'> (0x00000000e768c058) thrown at [D:\src\AOSP-openjdk-cygwin\jdk8u\hotspot\src\share\vm\prims\jni.cpp, line 709]
Event: 11.940 Thread 0x0000000019cc0800 Exception <a 'sun/nio/fs/WindowsException'> (0x00000000e768cc40) thrown at [D:\src\AOSP-openjdk-cygwin\jdk8u\hotspot\src\share\vm\prims\jni.cpp, line 709]
Event: 11.941 Thread 0x0000000019cc0800 Exception <a 'sun/nio/fs/WindowsException'> (0x00000000e768e858) thrown at [D:\src\AOSP-openjdk-cygwin\jdk8u\hotspot\src\share\vm\prims\jni.cpp, line 709]
Event: 11.941 Thread 0x0000000019cc0800 Exception <a 'sun/nio/fs/WindowsException'> (0x00000000e768f480) thrown at [D:\src\AOSP-openjdk-cygwin\jdk8u\hotspot\src\share\vm\prims\jni.cpp, line 709]
Event: 11.941 Thread 0x0000000019cc0800 Exception <a 'sun/nio/fs/WindowsException'> (0x00000000e76925e0) thrown at [D:\src\AOSP-openjdk-cygwin\jdk8u\hotspot\src\share\vm\prims\jni.cpp, line 709]
Event: 11.941 Thread 0x0000000019cc0800 Exception <a 'sun/nio/fs/WindowsException'> (0x00000000e7693218) thrown at [D:\src\AOSP-openjdk-cygwin\jdk8u\hotspot\src\share\vm\prims\jni.cpp, line 709]
Event: 11.942 Thread 0x0000000019cc0800 Exception <a 'sun/nio/fs/WindowsException'> (0x00000000e7694e80) thrown at [D:\src\AOSP-openjdk-cygwin\jdk8u\hotspot\src\share\vm\prims\jni.cpp, line 709]
Event: 11.942 Thread 0x0000000019cc0800 Exception <a 'sun/nio/fs/WindowsException'> (0x00000000e7695af8) thrown at [D:\src\AOSP-openjdk-cygwin\jdk8u\hotspot\src\share\vm\prims\jni.cpp, line 709]

Events (10 events):
Event: 11.499 loading class java/util/stream/Node$OfDouble done
Event: 11.500 loading class java/util/stream/Nodes$EmptyNode$OfDouble done
Event: 11.500 loading class java/util/stream/Nodes$SpinedNodeBuilder
Event: 11.501 loading class java/util/stream/Node$Builder
Event: 11.501 loading class java/util/stream/Node$Builder done
Event: 11.501 loading class java/util/stream/SpinedBuffer
Event: 11.501 loading class java/util/stream/AbstractSpinedBuffer
Event: 11.501 loading class java/util/stream/AbstractSpinedBuffer done
Event: 11.501 loading class java/util/stream/SpinedBuffer done
Event: 11.501 loading class java/util/stream/Nodes$SpinedNodeBuilder done


Dynamic libraries:
0x00007ff7dd6f0000 - 0x00007ff7dd721000 	C:\Program Files\Android\Android Studio\jre\bin\java.exe
0x00007ffe24240000 - 0x00007ffe24421000 	C:\WINDOWS\SYSTEM32\ntdll.dll
0x00007ffe23d90000 - 0x00007ffe23e42000 	C:\WINDOWS\System32\KERNEL32.DLL
0x00007ffe20860000 - 0x00007ffe20ad3000 	C:\WINDOWS\System32\KERNELBASE.dll
0x00007ffe22da0000 - 0x00007ffe22e41000 	C:\WINDOWS\System32\ADVAPI32.dll
0x00007ffe216d0000 - 0x00007ffe2176e000 	C:\WINDOWS\System32\msvcrt.dll
0x00007ffe23180000 - 0x00007ffe231db000 	C:\WINDOWS\System32\sechost.dll
0x00007ffe23fb0000 - 0x00007ffe240d4000 	C:\WINDOWS\System32\RPCRT4.dll
0x00007ffe217d0000 - 0x00007ffe21960000 	C:\WINDOWS\System32\USER32.dll
0x00007ffe212e0000 - 0x00007ffe21300000 	C:\WINDOWS\System32\win32u.dll
0x00007ffe23200000 - 0x00007ffe23228000 	C:\WINDOWS\System32\GDI32.dll
0x00007ffe21380000 - 0x00007ffe21512000 	C:\WINDOWS\System32\gdi32full.dll
0x00007ffe20ae0000 - 0x00007ffe20b7f000 	C:\WINDOWS\System32\msvcp_win.dll
0x00007ffe21520000 - 0x00007ffe21618000 	C:\WINDOWS\System32\ucrtbase.dll
0x00007ffe0a5f0000 - 0x00007ffe0a859000 	C:\WINDOWS\WinSxS\amd64_microsoft.windows.common-controls_6595b64144ccf1df_6.0.17134.648_none_fb45a0e93062a6d2\COMCTL32.dll
0x00007ffe23610000 - 0x00007ffe23932000 	C:\WINDOWS\System32\combase.dll
0x00007ffe21300000 - 0x00007ffe2137a000 	C:\WINDOWS\System32\bcryptPrimitives.dll
0x00007ffe23230000 - 0x00007ffe2325d000 	C:\WINDOWS\System32\IMM32.DLL
0x0000000065490000 - 0x0000000065562000 	C:\Program Files\Android\Android Studio\jre\jre\bin\msvcr100.dll
0x00000000641b0000 - 0x00000000649f1000 	C:\Program Files\Android\Android Studio\jre\jre\bin\server\jvm.dll
0x00007ffe240e0000 - 0x00007ffe240e8000 	C:\WINDOWS\System32\PSAPI.DLL
0x00007ffe1d430000 - 0x00007ffe1d453000 	C:\WINDOWS\SYSTEM32\WINMM.dll
0x00007ffe1e8d0000 - 0x00007ffe1e8d9000 	C:\WINDOWS\SYSTEM32\WSOCK32.dll
0x00007ffe0dbd0000 - 0x00007ffe0dbda000 	C:\WINDOWS\SYSTEM32\VERSION.dll
0x00007ffe240f0000 - 0x00007ffe2415c000 	C:\WINDOWS\System32\WS2_32.dll
0x00007ffe1d400000 - 0x00007ffe1d42a000 	C:\WINDOWS\SYSTEM32\WINMMBASE.dll
0x00007ffe21290000 - 0x00007ffe212d9000 	C:\WINDOWS\System32\cfgmgr32.dll
0x00007ffe102c0000 - 0x00007ffe102cf000 	C:\Program Files\Android\Android Studio\jre\jre\bin\verify.dll
0x00007ffe057b0000 - 0x00007ffe057d9000 	C:\Program Files\Android\Android Studio\jre\jre\bin\java.dll
0x00007ffe05790000 - 0x00007ffe057a6000 	C:\Program Files\Android\Android Studio\jre\jre\bin\zip.dll
0x00007ffe21960000 - 0x00007ffe22da0000 	C:\WINDOWS\System32\SHELL32.dll
0x00007ffe24160000 - 0x00007ffe24209000 	C:\WINDOWS\System32\shcore.dll
0x00007ffe20b80000 - 0x00007ffe2128d000 	C:\WINDOWS\System32\windows.storage.dll
0x00007ffe21770000 - 0x00007ffe217c1000 	C:\WINDOWS\System32\shlwapi.dll
0x00007ffe205d0000 - 0x00007ffe205e1000 	C:\WINDOWS\System32\kernel.appcore.dll
0x00007ffe205f0000 - 0x00007ffe2060f000 	C:\WINDOWS\System32\profapi.dll
0x00007ffe20580000 - 0x00007ffe205cc000 	C:\WINDOWS\System32\powrprof.dll
0x00007ffe20570000 - 0x00007ffe2057a000 	C:\WINDOWS\System32\FLTLIB.DLL
0x00007ffdfb820000 - 0x00007ffdfb83a000 	C:\Program Files\Android\Android Studio\jre\jre\bin\net.dll
0x00007ffe1fa70000 - 0x00007ffe1fad6000 	C:\WINDOWS\system32\mswsock.dll
0x00007ffdf5ac0000 - 0x00007ffdf5ad1000 	C:\Program Files\Android\Android Studio\jre\jre\bin\nio.dll
0x00007ffe13200000 - 0x00007ffe1321e000 	C:\Users\LENOVO\.gradle\native\25\windows-amd64\native-platform.dll
0x00007ffe0e550000 - 0x00007ffe0e55d000 	C:\Program Files\Android\Android Studio\jre\jre\bin\management.dll
0x00007ffe20270000 - 0x00007ffe20287000 	C:\WINDOWS\SYSTEM32\CRYPTSP.dll
0x00007ffe1f5f0000 - 0x00007ffe1f623000 	C:\WINDOWS\system32\rsaenh.dll
0x00007ffe20070000 - 0x00007ffe20095000 	C:\WINDOWS\SYSTEM32\bcrypt.dll
0x00007ffe20480000 - 0x00007ffe204a8000 	C:\WINDOWS\SYSTEM32\USERENV.dll
0x00007ffe1fc40000 - 0x00007ffe1fc4b000 	C:\WINDOWS\SYSTEM32\CRYPTBASE.dll
0x00007ffe1f7f0000 - 0x00007ffe1f828000 	C:\WINDOWS\SYSTEM32\IPHLPAPI.DLL
0x00007ffe23fa0000 - 0x00007ffe23fa8000 	C:\WINDOWS\System32\NSI.dll
0x00007ffe14450000 - 0x00007ffe14466000 	C:\WINDOWS\SYSTEM32\dhcpcsvc6.DLL
0x00007ffe149f0000 - 0x00007ffe14a0a000 	C:\WINDOWS\SYSTEM32\dhcpcsvc.DLL

VM Arguments:
jvm_args: -Xmx1536m -Dfile.encoding=windows-1252 -Duser.country=ID -Duser.language=en -Duser.variant 
java_command: org.gradle.launcher.daemon.bootstrap.GradleDaemon 4.6
java_class_path (initial): C:\Users\LENOVO\.gradle\wrapper\dists\gradle-4.6-all\bcst21l2brirad8k2ben1letg\gradle-4.6\lib\gradle-launcher-4.6.jar
Launcher Type: SUN_STANDARD

Environment Variables:
PATH=C:\ProgramData\Oracle\Java\javapath;C:\WINDOWS\system32;C:\WINDOWS;C:\WINDOWS\System32\Wbem;C:\WINDOWS\System32\WindowsPowerShell\v1.0\;C:\Program Files\Java\jdk1.8.0_161\bin;C:\WINDOWS\System32\OpenSSH\;C:\Program Files\Microsoft SQL Server\110\DTS\Binn\;C:\Program Files (x86)\Microsoft SQL Server\110\Tools\Binn\;C:\Program Files\Microsoft SQL Server\110\Tools\Binn\;C:\Program Files (x86)\Microsoft SQL Server\110\Tools\Binn\ManagementStudio\;C:\Program Files (x86)\Microsoft Visual Studio 10.0\Common7\IDE\PrivateAssemblies\;C:\Program Files (x86)\Microsoft SQL Server\110\DTS\Binn\;C:\Program Files\Microsoft SQL Server\120\Tools\Binn\;C:\WINDOWS\system32\config\systemprofile\.dnx\bin;C:\Program Files\Microsoft DNX\Dnvm\;C:\Program Files\Puppet Labs\Puppet\bin;C:\Users\LENOVO\AppData\Local\Microsoft\WindowsApps;
USERNAME=LENOVO
OS=Windows_NT
PROCESSOR_IDENTIFIER=Intel64 Family 6 Model 78 Stepping 3, GenuineIntel



---------------  S Y S T E M  ---------------

OS: Windows 10.0 , 64 bit Build 17134 (10.0.17134.648)

CPU:total 4 (initial active 4) (2 cores per cpu, 2 threads per core) family 6 model 78 stepping 3, cmov, cx8, fxsr, mmx, sse, sse2, sse3, ssse3, sse4.1, sse4.2, popcnt, avx, avx2, aes, clmul, erms, 3dnowpref, lzcnt, ht, tsc, tscinvbit, bmi1, bmi2, adx

Memory: 4k page, physical 4066020k(355980k free), swap 5491428k(4220k free)

vm_info: OpenJDK 64-Bit Server VM (25.152-b06) for windows-amd64 JRE (1.8.0_152-release-1136-b06), built by "builder" with MS VC++ 10.0 (VS2010)

time: Fri Mar 22 23:00:19 2019
elapsed time: 12 seconds (0d 0h 0m 12s)

