#
# There is insufficient memory for the Java Runtime Environment to continue.
# Native memory allocation (malloc) failed to allocate 1277824 bytes for Chunk::new
# Possible reasons:
#   The system is out of physical RAM or swap space
#   In 32 bit mode, the process size limit was hit
# Possible solutions:
#   Reduce memory load on the system
#   Increase physical memory or swap space
#   Check if swap backing store is full
#   Use 64 bit Java on a 64 bit OS
#   Decrease Java heap size (-Xmx/-Xms)
#   Decrease number of Java threads
#   Decrease Java thread stack sizes (-Xss)
#   Set larger code cache with -XX:ReservedCodeCacheSize=
# This output file may be truncated or incomplete.
#
#  Out of Memory Error (allocation.cpp:390), pid=14348, tid=0x0000000000002d5c
#
# JRE version: OpenJDK Runtime Environment (8.0_152-b06) (build 1.8.0_152-release-1136-b06)
# Java VM: OpenJDK 64-Bit Server VM (25.152-b06 mixed mode windows-amd64 compressed oops)
# Failed to write core dump. Minidumps are not enabled by default on client versions of Windows
#

---------------  T H R E A D  ---------------

Current thread (0x0000000016aa1000):  JavaThread "C2 CompilerThread1" daemon [_thread_in_native, id=11612, stack(0x00000000181f0000,0x00000000182f0000)]

Stack: [0x00000000181f0000,0x00000000182f0000]
[error occurred during error reporting (printing stack bounds), id 0xc0000005]

Native frames: (J=compiled Java code, j=interpreted, Vv=VM code, C=native code)


Current CompileTask:
C2:  55823 4150       4       sun.reflect.generics.parser.SignatureParser::parsePackageNameAndSimpleClassTypeSignature (139 bytes)


---------------  P R O C E S S  ---------------

Java Threads: ( => current thread )
  0x000000001b2a9000 JavaThread "Memory manager" [_thread_blocked, id=13916, stack(0x0000000021030000,0x0000000021130000)]
  0x000000001bc4d800 JavaThread "Build operations Thread 4" [_thread_blocked, id=5004, stack(0x0000000020830000,0x0000000020930000)]
  0x000000001bc4c800 JavaThread "Build operations Thread 3" [_thread_blocked, id=12632, stack(0x0000000020730000,0x0000000020830000)]
  0x000000001bc4c000 JavaThread "Build operations Thread 2" [_thread_blocked, id=5728, stack(0x0000000020630000,0x0000000020730000)]
  0x000000001bc4b000 JavaThread "Build operations" [_thread_blocked, id=13772, stack(0x000000001f360000,0x000000001f460000)]
  0x000000001bc4a800 JavaThread "Cache worker for Artifact transforms cache (C:\Users\LENOVO\.gradle\caches\transforms-1)" [_thread_blocked, id=10524, stack(0x000000001ef60000,0x000000001f060000)]
  0x000000001bc4f000 JavaThread "Cache worker for file hash cache (C:\Users\LENOVO\Documents\KULIAH\SEMESTER 4\CCIT\PROJEK 1 (Mobile UX)\KuisKamusKorea_2\.gradle\4.6\fileHashes)" [_thread_blocked, id=16068, stack(0x000000001c610000,0x000000001c710000)]
  0x000000001b4e6800 JavaThread "File lock request listener" [_thread_in_native, id=7256, stack(0x000000001c510000,0x000000001c610000)]
  0x0000000019d60800 JavaThread "Cache worker for file hash cache (C:\Users\LENOVO\.gradle\caches\4.6\fileHashes)" [_thread_blocked, id=1160, stack(0x000000001c410000,0x000000001c510000)]
  0x0000000019a9c800 JavaThread "Stdin handler" [_thread_blocked, id=6276, stack(0x000000001b140000,0x000000001b240000)]
  0x0000000019a9c000 JavaThread "Asynchronous log dispatcher for DefaultDaemonConnection: socket connection from /127.0.0.1:5506 to /127.0.0.1:5507" [_thread_blocked, id=15736, stack(0x000000001b040000,0x000000001b140000)]
  0x0000000019ad0000 JavaThread "Daemon worker" [_thread_in_native, id=12032, stack(0x000000001af40000,0x000000001b040000)]
  0x0000000019acf800 JavaThread "Cancel handler" [_thread_blocked, id=4364, stack(0x000000001ae40000,0x000000001af40000)]
  0x0000000019a92000 JavaThread "Handler for socket connection from /127.0.0.1:5506 to /127.0.0.1:5507" [_thread_in_native, id=15772, stack(0x000000001ab40000,0x000000001ac40000)]
  0x00000000199f0000 JavaThread "Daemon" [_thread_blocked, id=1908, stack(0x000000001aa40000,0x000000001ab40000)]
  0x00000000199e4800 JavaThread "Daemon periodic checks" [_thread_blocked, id=9900, stack(0x000000001a940000,0x000000001aa40000)]
  0x00000000199cb000 JavaThread "Incoming local TCP Connector on port 5506" [_thread_in_native, id=6484, stack(0x000000001a700000,0x000000001a800000)]
  0x0000000018413000 JavaThread "Service Thread" daemon [_thread_blocked, id=15780, stack(0x00000000187f0000,0x00000000188f0000)]
  0x0000000016aae000 JavaThread "C1 CompilerThread2" daemon [_thread_blocked, id=1408, stack(0x00000000182f0000,0x00000000183f0000)]
=>0x0000000016aa1000 JavaThread "C2 CompilerThread1" daemon [_thread_in_native, id=11612, stack(0x00000000181f0000,0x00000000182f0000)]
  0x0000000016a9b000 JavaThread "C2 CompilerThread0" daemon [_thread_blocked, id=14384, stack(0x00000000180f0000,0x00000000181f0000)]
  0x0000000016aa8000 JavaThread "Attach Listener" daemon [_thread_blocked, id=6772, stack(0x0000000017ff0000,0x00000000180f0000)]
  0x0000000016aa6800 JavaThread "Signal Dispatcher" daemon [_thread_blocked, id=13304, stack(0x0000000017ef0000,0x0000000017ff0000)]
  0x000000000312c800 JavaThread "Finalizer" daemon [_thread_blocked, id=3384, stack(0x0000000017d00000,0x0000000017e00000)]
  0x0000000003121800 JavaThread "Reference Handler" daemon [_thread_blocked, id=10068, stack(0x0000000017c00000,0x0000000017d00000)]
  0x0000000002f0e000 JavaThread "main" [_thread_blocked, id=13128, stack(0x0000000002f30000,0x0000000003030000)]

Other Threads:
  0x0000000016a66000 VMThread [stack: 0x0000000017b00000,0x0000000017c00000] [id=13332]
  0x0000000018413800 WatcherThread [stack: 0x00000000188f0000,0x00000000189f0000] [id=7004]

VM state:not at safepoint (normal execution)

VM Mutex/Monitor currently owned by a thread: None

Heap:
 PSYoungGen      total 125440K, used 50438K [0x00000000e0000000, 0x00000000ea400000, 0x0000000100000000)
  eden space 114176K, 34% used [0x00000000e0000000,0x00000000e2648068,0x00000000e6f80000)
  from space 11264K, 99% used [0x00000000e6f80000,0x00000000e7a79880,0x00000000e7a80000)
  to   space 13312K, 0% used [0x00000000e9700000,0x00000000e9700000,0x00000000ea400000)
 ParOldGen       total 62976K, used 17229K [0x00000000a0000000, 0x00000000a3d80000, 0x00000000e0000000)
  object space 62976K, 27% used [0x00000000a0000000,0x00000000a10d3670,0x00000000a3d80000)
 Metaspace       used 44549K, capacity 45302K, committed 45528K, reserved 1089536K
  class space    used 6070K, capacity 6314K, committed 6400K, reserved 1048576K

Card table byte_map: [0x00000000124f0000,0x0000000012800000] byte_map_base: 0x0000000011ff0000

Marking Bits: (ParMarkBitMap*) 0x0000000064975aa0
 Begin Bits: [0x0000000012e00000, 0x0000000014600000)
 End Bits:   [0x0000000014600000, 0x0000000015e00000)

Polling page: 0x0000000001120000

CodeCache: size=245760Kb used=13607Kb max_used=13607Kb free=232152Kb
 bounds [0x0000000003130000, 0x0000000003e90000, 0x0000000012130000]
 total_blobs=4693 nmethods=3954 adapters=651
 compilation: enabled

Compilation events (10 events):
Event: 55.685 Thread 0x0000000016aae000 4262       1       java.util.concurrent.locks.AbstractOwnableSynchronizer::setExclusiveOwnerThread (6 bytes)
Event: 55.685 Thread 0x0000000016aae000 nmethod 4262 0x0000000003e7d590 code [0x0000000003e7d6e0, 0x0000000003e7d810]
Event: 55.694 Thread 0x0000000016aae000 4263   !   3       java.lang.Class::desiredAssertionStatus (54 bytes)
Event: 55.695 Thread 0x0000000016aae000 nmethod 4263 0x0000000003e85650 code [0x0000000003e85880, 0x0000000003e86818]
Event: 55.695 Thread 0x0000000016aae000 4265       1       javax.xml.namespace.QName::getNamespaceURI (5 bytes)
Event: 55.695 Thread 0x0000000016aae000 nmethod 4265 0x0000000003e7cf10 code [0x0000000003e7d060, 0x0000000003e7d170]
Event: 55.695 Thread 0x0000000016aae000 4266       1       javax.xml.namespace.QName::getLocalPart (5 bytes)
Event: 55.695 Thread 0x0000000016aae000 nmethod 4266 0x0000000003e7cc50 code [0x0000000003e7cda0, 0x0000000003e7ceb0]
Event: 55.695 Thread 0x0000000016aae000 4267       1       com.sun.xml.bind.v2.model.impl.TypeRefImpl::getTagName (5 bytes)
Event: 55.696 Thread 0x0000000016aae000 nmethod 4267 0x0000000003e7c990 code [0x0000000003e7cae0, 0x0000000003e7cbf0]

GC Heap History (10 events):
Event: 10.529 GC heap before
{Heap before GC invocations=9 (full 1):
 PSYoungGen      total 71680K, used 64000K [0x00000000e0000000, 0x00000000e8d00000, 0x0000000100000000)
  eden space 64000K, 100% used [0x00000000e0000000,0x00000000e3e80000,0x00000000e3e80000)
  from space 7680K, 0% used [0x00000000e3e80000,0x00000000e3e80000,0x00000000e4600000)
  to   space 8192K, 0% used [0x00000000e8500000,0x00000000e8500000,0x00000000e8d00000)
 ParOldGen       total 39936K, used 8800K [0x00000000a0000000, 0x00000000a2700000, 0x00000000e0000000)
  object space 39936K, 22% used [0x00000000a0000000,0x00000000a08980c0,0x00000000a2700000)
 Metaspace       used 26252K, capacity 26594K, committed 26752K, reserved 1073152K
  class space    used 3580K, capacity 3711K, committed 3712K, reserved 1048576K
Event: 10.542 GC heap after
Heap after GC invocations=9 (full 1):
 PSYoungGen      total 88576K, used 6623K [0x00000000e0000000, 0x00000000e8b80000, 0x0000000100000000)
  eden space 81920K, 0% used [0x00000000e0000000,0x00000000e0000000,0x00000000e5000000)
  from space 6656K, 99% used [0x00000000e8500000,0x00000000e8b77d08,0x00000000e8b80000)
  to   space 8704K, 0% used [0x00000000e7a80000,0x00000000e7a80000,0x00000000e8300000)
 ParOldGen       total 39936K, used 8808K [0x00000000a0000000, 0x00000000a2700000, 0x00000000e0000000)
  object space 39936K, 22% used [0x00000000a0000000,0x00000000a089a0c0,0x00000000a2700000)
 Metaspace       used 26252K, capacity 26594K, committed 26752K, reserved 1073152K
  class space    used 3580K, capacity 3711K, committed 3712K, reserved 1048576K
}
Event: 48.291 GC heap before
{Heap before GC invocations=10 (full 1):
 PSYoungGen      total 88576K, used 88543K [0x00000000e0000000, 0x00000000e8b80000, 0x0000000100000000)
  eden space 81920K, 100% used [0x00000000e0000000,0x00000000e5000000,0x00000000e5000000)
  from space 6656K, 99% used [0x00000000e8500000,0x00000000e8b77d08,0x00000000e8b80000)
  to   space 8704K, 0% used [0x00000000e7a80000,0x00000000e7a80000,0x00000000e8300000)
 ParOldGen       total 39936K, used 8808K [0x00000000a0000000, 0x00000000a2700000, 0x00000000e0000000)
  object space 39936K, 22% used [0x00000000a0000000,0x00000000a089a0c0,0x00000000a2700000)
 Metaspace       used 32843K, capacity 33280K, committed 33536K, reserved 1077248K
  class space    used 4583K, capacity 4770K, committed 4864K, reserved 1048576K
Event: 48.313 GC heap after
Heap after GC invocations=10 (full 1):
 PSYoungGen      total 101888K, used 8682K [0x00000000e0000000, 0x00000000e8580000, 0x0000000100000000)
  eden space 93184K, 0% used [0x00000000e0000000,0x00000000e0000000,0x00000000e5b00000)
  from space 8704K, 99% used [0x00000000e7a80000,0x00000000e82fa870,0x00000000e8300000)
  to   space 2560K, 0% used [0x00000000e8300000,0x00000000e8300000,0x00000000e8580000)
 ParOldGen       total 39936K, used 11104K [0x00000000a0000000, 0x00000000a2700000, 0x00000000e0000000)
  object space 39936K, 27% used [0x00000000a0000000,0x00000000a0ad8198,0x00000000a2700000)
 Metaspace       used 32843K, capacity 33280K, committed 33536K, reserved 1077248K
  class space    used 4583K, capacity 4770K, committed 4864K, reserved 1048576K
}
Event: 49.234 GC heap before
{Heap before GC invocations=11 (full 1):
 PSYoungGen      total 101888K, used 23228K [0x00000000e0000000, 0x00000000e8580000, 0x0000000100000000)
  eden space 93184K, 15% used [0x00000000e0000000,0x00000000e0e34ad8,0x00000000e5b00000)
  from space 8704K, 99% used [0x00000000e7a80000,0x00000000e82fa870,0x00000000e8300000)
  to   space 2560K, 0% used [0x00000000e8300000,0x00000000e8300000,0x00000000e8580000)
 ParOldGen       total 39936K, used 11104K [0x00000000a0000000, 0x00000000a2700000, 0x00000000e0000000)
  object space 39936K, 27% used [0x00000000a0000000,0x00000000a0ad8198,0x00000000a2700000)
 Metaspace       used 34919K, capacity 35352K, committed 35416K, reserved 1079296K
  class space    used 4797K, capacity 4972K, committed 4992K, reserved 1048576K
Event: 49.270 GC heap after
Heap after GC invocations=11 (full 1):
 PSYoungGen      total 113664K, used 2560K [0x00000000e0000000, 0x00000000e8580000, 0x0000000100000000)
  eden space 111104K, 0% used [0x00000000e0000000,0x00000000e0000000,0x00000000e6c80000)
  from space 2560K, 100% used [0x00000000e8300000,0x00000000e8580000,0x00000000e8580000)
  to   space 11264K, 0% used [0x00000000e6f80000,0x00000000e6f80000,0x00000000e7a80000)
 ParOldGen       total 39936K, used 16659K [0x00000000a0000000, 0x00000000a2700000, 0x00000000e0000000)
  object space 39936K, 41% used [0x00000000a0000000,0x00000000a1044e68,0x00000000a2700000)
 Metaspace       used 34919K, capacity 35352K, committed 35416K, reserved 1079296K
  class space    used 4797K, capacity 4972K, committed 4992K, reserved 1048576K
}
Event: 49.270 GC heap before
{Heap before GC invocations=12 (full 2):
 PSYoungGen      total 113664K, used 2560K [0x00000000e0000000, 0x00000000e8580000, 0x0000000100000000)
  eden space 111104K, 0% used [0x00000000e0000000,0x00000000e0000000,0x00000000e6c80000)
  from space 2560K, 100% used [0x00000000e8300000,0x00000000e8580000,0x00000000e8580000)
  to   space 11264K, 0% used [0x00000000e6f80000,0x00000000e6f80000,0x00000000e7a80000)
 ParOldGen       total 39936K, used 16659K [0x00000000a0000000, 0x00000000a2700000, 0x00000000e0000000)
  object space 39936K, 41% used [0x00000000a0000000,0x00000000a1044e68,0x00000000a2700000)
 Metaspace       used 34919K, capacity 35352K, committed 35416K, reserved 1079296K
  class space    used 4797K, capacity 4972K, committed 4992K, reserved 1048576K
Event: 49.369 GC heap after
Heap after GC invocations=12 (full 2):
 PSYoungGen      total 113664K, used 0K [0x00000000e0000000, 0x00000000e8580000, 0x0000000100000000)
  eden space 111104K, 0% used [0x00000000e0000000,0x00000000e0000000,0x00000000e6c80000)
  from space 2560K, 0% used [0x00000000e8300000,0x00000000e8300000,0x00000000e8580000)
  to   space 11264K, 0% used [0x00000000e6f80000,0x00000000e6f80000,0x00000000e7a80000)
 ParOldGen       total 62976K, used 15403K [0x00000000a0000000, 0x00000000a3d80000, 0x00000000e0000000)
  object space 62976K, 24% used [0x00000000a0000000,0x00000000a0f0ad20,0x00000000a3d80000)
 Metaspace       used 34919K, capacity 35352K, committed 35416K, reserved 1079296K
  class space    used 4797K, capacity 4972K, committed 4992K, reserved 1048576K
}
Event: 52.223 GC heap before
{Heap before GC invocations=13 (full 2):
 PSYoungGen      total 113664K, used 111104K [0x00000000e0000000, 0x00000000e8580000, 0x0000000100000000)
  eden space 111104K, 100% used [0x00000000e0000000,0x00000000e6c80000,0x00000000e6c80000)
  from space 2560K, 0% used [0x00000000e8300000,0x00000000e8300000,0x00000000e8580000)
  to   space 11264K, 0% used [0x00000000e6f80000,0x00000000e6f80000,0x00000000e7a80000)
 ParOldGen       total 62976K, used 15403K [0x00000000a0000000, 0x00000000a3d80000, 0x00000000e0000000)
  object space 62976K, 24% used [0x00000000a0000000,0x00000000a0f0ad20,0x00000000a3d80000)
 Metaspace       used 41307K, capacity 42054K, committed 42200K, reserved 1085440K
  class space    used 5559K, capacity 5808K, committed 5888K, reserved 1048576K
Event: 52.258 GC heap after
Heap after GC invocations=13 (full 2):
 PSYoungGen      total 125440K, used 11238K [0x00000000e0000000, 0x00000000ea400000, 0x0000000100000000)
  eden space 114176K, 0% used [0x00000000e0000000,0x00000000e0000000,0x00000000e6f80000)
  from space 11264K, 99% used [0x00000000e6f80000,0x00000000e7a79880,0x00000000e7a80000)
  to   space 13312K, 0% used [0x00000000e9700000,0x00000000e9700000,0x00000000ea400000)
 ParOldGen       total 62976K, used 17229K [0x00000000a0000000, 0x00000000a3d80000, 0x00000000e0000000)
  object space 62976K, 27% used [0x00000000a0000000,0x00000000a10d3670,0x00000000a3d80000)
 Metaspace       used 41307K, capacity 42054K, committed 42200K, reserved 1085440K
  class space    used 5559K, capacity 5808K, committed 5888K, reserved 1048576K
}

Deoptimization events (10 events):
Event: 51.039 Thread 0x0000000019ad0000 Uncommon trap: reason=unstable_if action=reinterpret pc=0x0000000003aec43c method=java.util.LinkedHashMap.get(Ljava/lang/Object;)Ljava/lang/Object; @ 20
Event: 51.184 Thread 0x0000000019ad0000 Uncommon trap: reason=unstable_if action=reinterpret pc=0x0000000003998c4c method=org.objectweb.asm.ByteVector.putUTF8(Ljava/lang/String;)Lorg/objectweb/asm/ByteVector; @ 91
Event: 51.319 Thread 0x0000000019ad0000 Uncommon trap: reason=unstable_if action=reinterpret pc=0x00000000038a4570 method=org.objectweb.asm.ByteVector.putUTF8(Ljava/lang/String;)Lorg/objectweb/asm/ByteVector; @ 91
Event: 52.180 Thread 0x0000000019ad0000 Uncommon trap: reason=class_check action=maybe_recompile pc=0x000000000394fd94 method=org.codehaus.groovy.runtime.metaclass.MetaMethodIndex.addMethodToList(Ljava/lang/Object;Lgroovy/lang/MetaMethod;)Ljava/lang/Object; @ 220
Event: 55.550 Thread 0x0000000019ad0000 Uncommon trap: reason=unstable_if action=reinterpret pc=0x0000000003737b7c method=sun.misc.MetaIndex.mayContain(Ljava/lang/String;)Z @ 38
Event: 55.566 Thread 0x0000000019ad0000 Uncommon trap: reason=bimorphic action=maybe_recompile pc=0x0000000003684d94 method=java.io.DataInputStream.readFully([BII)V @ 34
Event: 55.566 Thread 0x0000000019ad0000 Uncommon trap: reason=bimorphic action=maybe_recompile pc=0x0000000003684d94 method=java.io.DataInputStream.readFully([BII)V @ 34
Event: 55.566 Thread 0x0000000019ad0000 Uncommon trap: reason=bimorphic action=maybe_recompile pc=0x0000000003684d94 method=java.io.DataInputStream.readFully([BII)V @ 34
Event: 55.566 Thread 0x0000000019ad0000 Uncommon trap: reason=bimorphic action=maybe_recompile pc=0x0000000003684d94 method=java.io.DataInputStream.readFully([BII)V @ 34
Event: 55.682 Thread 0x0000000019ad0000 Uncommon trap: reason=unstable_if action=reinterpret pc=0x0000000003e62618 method=java.io.DataInputStream.readUTF(Ljava/io/DataInput;)Ljava/lang/String; @ 31

Classes redefined (0 events):
No events

Internal exceptions (10 events):
Event: 54.190 Thread 0x0000000019ad0000 Exception <a 'sun/nio/fs/WindowsException'> (0x00000000e0ae73d8) thrown at [D:\src\AOSP-openjdk-cygwin\jdk8u\hotspot\src\share\vm\prims\jni.cpp, line 709]
Event: 54.190 Thread 0x0000000019ad0000 Exception <a 'sun/nio/fs/WindowsException'> (0x00000000e0ae8010) thrown at [D:\src\AOSP-openjdk-cygwin\jdk8u\hotspot\src\share\vm\prims\jni.cpp, line 709]
Event: 54.191 Thread 0x0000000019ad0000 Exception <a 'sun/nio/fs/WindowsException'> (0x00000000e0ae9c78) thrown at [D:\src\AOSP-openjdk-cygwin\jdk8u\hotspot\src\share\vm\prims\jni.cpp, line 709]
Event: 54.191 Thread 0x0000000019ad0000 Exception <a 'sun/nio/fs/WindowsException'> (0x00000000e0aea8f0) thrown at [D:\src\AOSP-openjdk-cygwin\jdk8u\hotspot\src\share\vm\prims\jni.cpp, line 709]
Event: 54.334 Thread 0x0000000019ad0000 Exception <a 'sun/nio/fs/WindowsException'> (0x00000000e0aeee90) thrown at [D:\src\AOSP-openjdk-cygwin\jdk8u\hotspot\src\share\vm\prims\jni.cpp, line 709]
Event: 54.334 Thread 0x0000000019ad0000 Exception <a 'sun/nio/fs/WindowsException'> (0x00000000e0aefaf0) thrown at [D:\src\AOSP-openjdk-cygwin\jdk8u\hotspot\src\share\vm\prims\jni.cpp, line 709]
Event: 54.334 Thread 0x0000000019ad0000 Exception <a 'sun/nio/fs/WindowsException'> (0x00000000e0af1780) thrown at [D:\src\AOSP-openjdk-cygwin\jdk8u\hotspot\src\share\vm\prims\jni.cpp, line 709]
Event: 54.335 Thread 0x0000000019ad0000 Exception <a 'sun/nio/fs/WindowsException'> (0x00000000e0af2420) thrown at [D:\src\AOSP-openjdk-cygwin\jdk8u\hotspot\src\share\vm\prims\jni.cpp, line 709]
Event: 54.666 Thread 0x0000000019ad0000 Exception <a 'java/lang/ClassNotFoundException': com/sun/org/glassfish/hk2/osgiresourcelocator/ServiceLoader> (0x00000000e0b4fa28) thrown at [D:\src\AOSP-openjdk-cygwin\jdk8u\hotspot\src\share\vm\classfile\systemDictionary.cpp, line 210]
Event: 55.001 Thread 0x0000000019ad0000 Exception <a 'java/lang/NullPointerException'> (0x00000000e113bfd0) thrown at [D:\src\AOSP-openjdk-cygwin\jdk8u\hotspot\src\share\vm\interpreter\linkResolver.cpp, line 1301]

Events (10 events):
Event: 55.793 loading class com/sun/org/apache/xerces/internal/impl/xs/XSElementDecl done
Event: 55.793 loading class com/sun/org/apache/xerces/internal/impl/xs/SubstitutionGroupHandler$OneSubGroup
Event: 55.793 loading class com/sun/org/apache/xerces/internal/impl/xs/SubstitutionGroupHandler$OneSubGroup done
Event: 55.793 loading class com/sun/org/apache/xerces/internal/impl/xs/models/CMBuilder
Event: 55.794 loading class com/sun/org/apache/xerces/internal/impl/xs/models/CMBuilder done
Event: 55.794 loading class com/sun/org/apache/xerces/internal/impl/xs/models/XSEmptyCM
Event: 55.795 loading class com/sun/org/apache/xerces/internal/impl/xs/models/XSCMValidator
Event: 55.795 loading class com/sun/org/apache/xerces/internal/impl/xs/models/XSCMValidator done
Event: 55.795 loading class com/sun/org/apache/xerces/internal/impl/xs/models/XSEmptyCM done
Event: 55.795 loading class com/sun/org/apache/xerces/internal/impl/xs/traversers/XSDHandler


Dynamic libraries:
0x00007ff7dd6f0000 - 0x00007ff7dd721000 	C:\Program Files\Android\Android Studio\jre\bin\java.exe
0x00007ffe24240000 - 0x00007ffe24421000 	C:\WINDOWS\SYSTEM32\ntdll.dll
0x00007ffe23d90000 - 0x00007ffe23e42000 	C:\WINDOWS\System32\KERNEL32.DLL
0x00007ffe20860000 - 0x00007ffe20ad3000 	C:\WINDOWS\System32\KERNELBASE.dll
0x00007ffe22da0000 - 0x00007ffe22e41000 	C:\WINDOWS\System32\ADVAPI32.dll
0x00007ffe216d0000 - 0x00007ffe2176e000 	C:\WINDOWS\System32\msvcrt.dll
0x00007ffe23180000 - 0x00007ffe231db000 	C:\WINDOWS\System32\sechost.dll
0x00007ffe23fb0000 - 0x00007ffe240d4000 	C:\WINDOWS\System32\RPCRT4.dll
0x00007ffe217d0000 - 0x00007ffe21960000 	C:\WINDOWS\System32\USER32.dll
0x00007ffe212e0000 - 0x00007ffe21300000 	C:\WINDOWS\System32\win32u.dll
0x00007ffe23200000 - 0x00007ffe23228000 	C:\WINDOWS\System32\GDI32.dll
0x00007ffe21380000 - 0x00007ffe21512000 	C:\WINDOWS\System32\gdi32full.dll
0x00007ffe20ae0000 - 0x00007ffe20b7f000 	C:\WINDOWS\System32\msvcp_win.dll
0x00007ffe21520000 - 0x00007ffe21618000 	C:\WINDOWS\System32\ucrtbase.dll
0x00007ffe0a5f0000 - 0x00007ffe0a859000 	C:\WINDOWS\WinSxS\amd64_microsoft.windows.common-controls_6595b64144ccf1df_6.0.17134.648_none_fb45a0e93062a6d2\COMCTL32.dll
0x00007ffe23610000 - 0x00007ffe23932000 	C:\WINDOWS\System32\combase.dll
0x00007ffe21300000 - 0x00007ffe2137a000 	C:\WINDOWS\System32\bcryptPrimitives.dll
0x00007ffe23230000 - 0x00007ffe2325d000 	C:\WINDOWS\System32\IMM32.DLL
0x0000000065490000 - 0x0000000065562000 	C:\Program Files\Android\Android Studio\jre\jre\bin\msvcr100.dll
0x00000000641b0000 - 0x00000000649f1000 	C:\Program Files\Android\Android Studio\jre\jre\bin\server\jvm.dll
0x00007ffe240e0000 - 0x00007ffe240e8000 	C:\WINDOWS\System32\PSAPI.DLL
0x00007ffe0dbd0000 - 0x00007ffe0dbda000 	C:\WINDOWS\SYSTEM32\VERSION.dll
0x00007ffe1d430000 - 0x00007ffe1d453000 	C:\WINDOWS\SYSTEM32\WINMM.dll
0x00007ffe1e8d0000 - 0x00007ffe1e8d9000 	C:\WINDOWS\SYSTEM32\WSOCK32.dll
0x00007ffe240f0000 - 0x00007ffe2415c000 	C:\WINDOWS\System32\WS2_32.dll
0x00007ffe1d400000 - 0x00007ffe1d42a000 	C:\WINDOWS\SYSTEM32\winmmbase.dll
0x00007ffe21290000 - 0x00007ffe212d9000 	C:\WINDOWS\System32\cfgmgr32.dll
0x00007ffe102c0000 - 0x00007ffe102cf000 	C:\Program Files\Android\Android Studio\jre\jre\bin\verify.dll
0x00007ffe057b0000 - 0x00007ffe057d9000 	C:\Program Files\Android\Android Studio\jre\jre\bin\java.dll
0x00007ffe05790000 - 0x00007ffe057a6000 	C:\Program Files\Android\Android Studio\jre\jre\bin\zip.dll
0x00007ffe21960000 - 0x00007ffe22da0000 	C:\WINDOWS\System32\SHELL32.dll
0x00007ffe24160000 - 0x00007ffe24209000 	C:\WINDOWS\System32\shcore.dll
0x00007ffe20b80000 - 0x00007ffe2128d000 	C:\WINDOWS\System32\windows.storage.dll
0x00007ffe21770000 - 0x00007ffe217c1000 	C:\WINDOWS\System32\shlwapi.dll
0x00007ffe205d0000 - 0x00007ffe205e1000 	C:\WINDOWS\System32\kernel.appcore.dll
0x00007ffe205f0000 - 0x00007ffe2060f000 	C:\WINDOWS\System32\profapi.dll
0x00007ffe20580000 - 0x00007ffe205cc000 	C:\WINDOWS\System32\powrprof.dll
0x00007ffe20570000 - 0x00007ffe2057a000 	C:\WINDOWS\System32\FLTLIB.DLL
0x00007ffdfb820000 - 0x00007ffdfb83a000 	C:\Program Files\Android\Android Studio\jre\jre\bin\net.dll
0x00007ffe1fa70000 - 0x00007ffe1fad6000 	C:\WINDOWS\system32\mswsock.dll
0x00007ffdf5ac0000 - 0x00007ffdf5ad1000 	C:\Program Files\Android\Android Studio\jre\jre\bin\nio.dll
0x00007ffe13200000 - 0x00007ffe1321e000 	C:\Users\LENOVO\.gradle\native\25\windows-amd64\native-platform.dll
0x00007ffe0e550000 - 0x00007ffe0e55d000 	C:\Program Files\Android\Android Studio\jre\jre\bin\management.dll
0x00007ffe20270000 - 0x00007ffe20287000 	C:\WINDOWS\SYSTEM32\CRYPTSP.dll
0x00007ffe1f5f0000 - 0x00007ffe1f623000 	C:\WINDOWS\system32\rsaenh.dll
0x00007ffe20070000 - 0x00007ffe20095000 	C:\WINDOWS\SYSTEM32\bcrypt.dll
0x00007ffe20480000 - 0x00007ffe204a8000 	C:\WINDOWS\SYSTEM32\USERENV.dll
0x00007ffe1fc40000 - 0x00007ffe1fc4b000 	C:\WINDOWS\SYSTEM32\CRYPTBASE.dll
0x00007ffe1f7f0000 - 0x00007ffe1f828000 	C:\WINDOWS\SYSTEM32\IPHLPAPI.DLL
0x00007ffe23fa0000 - 0x00007ffe23fa8000 	C:\WINDOWS\System32\NSI.dll
0x00007ffe14450000 - 0x00007ffe14466000 	C:\WINDOWS\SYSTEM32\dhcpcsvc6.DLL
0x00007ffe149f0000 - 0x00007ffe14a0a000 	C:\WINDOWS\SYSTEM32\dhcpcsvc.DLL

VM Arguments:
jvm_args: -Xmx1536m -Dfile.encoding=windows-1252 -Duser.country=ID -Duser.language=en -Duser.variant 
java_command: org.gradle.launcher.daemon.bootstrap.GradleDaemon 4.6
java_class_path (initial): C:\Users\LENOVO\.gradle\wrapper\dists\gradle-4.6-all\bcst21l2brirad8k2ben1letg\gradle-4.6\lib\gradle-launcher-4.6.jar
Launcher Type: SUN_STANDARD

Environment Variables:
PATH=C:\ProgramData\Oracle\Java\javapath;C:\WINDOWS\system32;C:\WINDOWS;C:\WINDOWS\System32\Wbem;C:\WINDOWS\System32\WindowsPowerShell\v1.0\;C:\Program Files\Java\jdk1.8.0_161\bin;C:\WINDOWS\System32\OpenSSH\;C:\Program Files\Microsoft SQL Server\110\DTS\Binn\;C:\Program Files (x86)\Microsoft SQL Server\110\Tools\Binn\;C:\Program Files\Microsoft SQL Server\110\Tools\Binn\;C:\Program Files (x86)\Microsoft SQL Server\110\Tools\Binn\ManagementStudio\;C:\Program Files (x86)\Microsoft Visual Studio 10.0\Common7\IDE\PrivateAssemblies\;C:\Program Files (x86)\Microsoft SQL Server\110\DTS\Binn\;C:\Program Files\Microsoft SQL Server\120\Tools\Binn\;C:\WINDOWS\system32\config\systemprofile\.dnx\bin;C:\Program Files\Microsoft DNX\Dnvm\;C:\Program Files\Puppet Labs\Puppet\bin;C:\Users\LENOVO\AppData\Local\Microsoft\WindowsApps;
USERNAME=LENOVO
OS=Windows_NT
PROCESSOR_IDENTIFIER=Intel64 Family 6 Model 78 Stepping 3, GenuineIntel



---------------  S Y S T E M  ---------------

OS: Windows 10.0 , 64 bit Build 17134 (10.0.17134.648)

CPU:total 4 (initial active 4) (2 cores per cpu, 2 threads per core) family 6 model 78 stepping 3, cmov, cx8, fxsr, mmx, sse, sse2, sse3, ssse3, sse4.1, sse4.2, popcnt, avx, avx2, aes, clmul, erms, 3dnowpref, lzcnt, ht, tsc, tscinvbit, bmi1, bmi2, adx

Memory: 4k page, physical 4066020k(350900k free), swap 5491428k(3960k free)

vm_info: OpenJDK 64-Bit Server VM (25.152-b06) for windows-amd64 JRE (1.8.0_152-release-1136-b06), built by "builder" with MS VC++ 10.0 (VS2010)

time: Fri Mar 22 22:58:58 2019
elapsed time: 55 seconds (0d 0h 0m 55s)

